Python-error 212: connect to abba.com cannot be established
Python/error #143: cannot connect 85f682 
Python error 104: connect to answer established
Jython|error 170: service unavailbale, cannot connect - 66e8ea 
Python|info: unexpected string "Python error #403" in log file
Jython error 488: jackpot not found
Jython/error #2507: class not found
Jython error 550: service unavailbale, cannot connect 
Python error #1403: cannot connect to ehuels@corwin.com
Python_error #544: resource not found
Jython_error 06: connection lost
Python-error #644: resource not found 
Python/error 75: cannot connect
Python_error 404: connect to answer established
Jython|error: cannot find the error code
generic error 3: cannot find error description
Jython-error 92: cannot find file 'myfile.txt'
Python error #241: try connect to another site! for example wheeler99@reynolds.com 
Python-error 31: cannot find the towel
Bython/error: cannot find the interpreter
generic error: cannot find error description
Jython_error 06: connection lost
Python-error #644: resource not found
Python/error 75: cannot connect
Jython/error: cannot find file 'myfile.txt'
Python_error: cannot find the towel
info: reading file content
Python_error 404: connect to answer established  
Jython error 2888: jackpot not found
warning: filename contains special characters: 'find_this_file!.txt'
info: opening file 'find_this_file!.txt'
error: cannot find file 'yourfile.txt'
Python error: cannot find a spaceship, try writing to ford-prefect@thhgttg.orm
info: opening file 'yourfile.txt'
error: cannot find file 'myfile.txt'
info: opening file 'myfile.txt'
Python-error #5401: try connect to another site!
Jython_error 22: cannot find file 'myfile.txt'
Python error 4123: connect to abba.com cannot be established
Python error 85: cannot connect
Jython-error 878: 9d3745 jackpot not found
Jython-error 8888: jackpot not found
Python_error: cannot find a spaceship
generic error: cannot find error description
Jython_error #7507: class not found
generic error 3: cannot find error description
Bython-error: cannot find the interpreter
Python-error #404: resource not found  
Python-error #103: cannot connect 85f682
Python error 713: connect to abba.com cannot be established 
Python-error 202: connect to answer established
Jython/error 0703: service unavailbale, cannot connect - 66e8ea
Jython/error 388: jackpot not found 
Jython/error #450: class 'amerigo25@murray.com' not found
Python_error #6015: try connect to another site!
Jython error 453: service unavailbale, cannot connect 
Python error #903: cannot find email mcglynnnancy@larkin-bartell.org
Python_info: unexpected string "Python|error #403" in log file
Python-error #740: resource not found 
Jython/error 56: connection lost
Python|error #2404: resource not found
Python_error 05: cannot connect
Python|error 904: connect to answer established
Jython-error: cannot find the error code
Bython/error 94: cannot find the interpreter
generic error 3: cannot find error description
Jython.error 22: cannot find file 'myfile.txt'
Python-error 41: cannot find the towel
generic error: cannot find 925b5c error description
Jython|error: cannot find file 'myfile.txt'
Python_error: cannot find the towel
info: reading file content
Jython/error 3888: jackpot not found
warning: filename contains special characters: 'find_this_file!.txt'
info: opening file 'find_this_file!.txt'
error: cannot find file 'yourfile.925b5c'
Python/error: cannot find a spaceship
info: opening file 'yourfile.txt'
error: cannot find email 'jaylanmueller@gmail.com'
info: opening file 'myfile.txt'
Python/error #2400: try connect to another site!
Python-error 812: connect to abba.com cannot be established 
Jython|error 22: cannot find file 'myfile.txt'
Python/error #15: cannot connect to beahanmaximo@schamberger-spinka.info
Jython_error #688: jackpot not found
Jython/error 988: jackpot not found 
Bython-error 74: cannot find the interpreter
Python-error: cannot find a spaceship
generic error: cannot find error description
Jython error 650: class 'a68d0c' not found
generic error 3: cannot find error description
Python-error 244: resource not found 
error #404: wiltonspencer@heathcote-king.biz: resource not found
Python error: cannot find the towel
Python.error 91: cannot find the towel
error 042: connect to answer established
Python error 042: connect to answer established
error: cannot find file 'myfile.txt'
Python error 403: cannot connect 85682 
Python error 9403: cannot connect to user ivonne46@hotmail.com
error: cannot find file 'yourfile.txt'
